  Game.cpp
  GameState.cpp
  GameStateManager.cpp
  Gif.cpp
  Image.cpp
  ListaT.cpp
  Logging.cpp
  NodoT.cpp
  Platform.cpp
C:\Tareas\Septimo\SHEngine\SHEngine\Platform.cpp(151,22): warning C4244: '=': conversion from 'Sint32' to 'float', possible loss of data
  SHEngine.cpp
  StackAllocator.cpp
C:\Tareas\Septimo\SHEngine\SHEngine\Platform.cpp(153,22): warning C4244: '=': conversion from 'Sint32' to 'float', possible loss of data
  StackT.cpp
  Text.cpp
  Generating Code...
C:\Tareas\Septimo\SHEngine\SHEngine\StackAllocator.cpp(6,16): warning C4267: '=': conversion from 'size_t' to 'int', possible loss of data
Gif.obj : error LNK2019: unresolved external symbol SDL_GetTicks referenced in function "public: __cdecl Gif::Gif(void)" (??0Gif@@QEAA@XZ)
Image.obj : error LNK2019: unresolved external symbol SDL_CreateTextureFromSurface referenced in function "public: void __cdecl Image::LoadImage(class std::basic_string<char,struct std::char_traits<char>,class std::allocator<char> >)" (?LoadImage@Image@@QEAAXV?$basic_string@DU?$char_traits@D@std@@V?$allocator@D@2@@std@@@Z)
Text.obj : error LNK2001: unresolved external symbol SDL_CreateTextureFromSurface
Image.obj : error LNK2019: unresolved external symbol IMG_Load referenced in function "public: void __cdecl Image::LoadImage(class std::basic_string<char,struct std::char_traits<char>,class std::allocator<char> >)" (?LoadImage@Image@@QEAAXV?$basic_string@DU?$char_traits@D@std@@V?$allocator@D@2@@std@@@Z)
Platform.obj : error LNK2019: unresolved external symbol SDL_CreateWindow referenced in function "public: __cdecl Platform::Platform(class std::basic_string<char,struct std::char_traits<char>,class std::allocator<char> >)" (??0Platform@@QEAA@V?$basic_string@DU?$char_traits@D@std@@V?$allocator@D@2@@std@@@Z)
Platform.obj : error LNK2019: unresolved external symbol SDL_PollEvent referenced in function "public: void __cdecl Platform::CheckEvent(class GameState *,bool (__cdecl GameState::*)(class ListaT<int> *,class ListaT<int> *,bool *,float *,float *))" (?CheckEvent@Platform@@QEAAXPEAVGameState@@P82@EAA_NPEAV?$ListaT@H@@1PEA_NPEAM3@Z@Z)
Platform.obj : error LNK2019: unresolved external symbol SDL_CreateRenderer referenced in function "public: __cdecl Platform::Platform(class std::basic_string<char,struct std::char_traits<char>,class std::allocator<char> >)" (??0Platform@@QEAA@V?$basic_string@DU?$char_traits@D@std@@V?$allocator@D@2@@std@@@Z)
Platform.obj : error LNK2019: unresolved external symbol SDL_SetRenderDrawColor referenced in function "public: void __cdecl Platform::DrawRect(int,int,int,int)" (?DrawRect@Platform@@QEAAXHHHH@Z)
Platform.obj : error LNK2019: unresolved external symbol SDL_RenderClear referenced in function "public: void __cdecl Platform::RenderClear(void)" (?RenderClear@Platform@@QEAAXXZ)
Platform.obj : error LNK2019: unresolved external symbol SDL_RenderDrawRect referenced in function "public: void __cdecl Platform::DrawRect(int,int,int,int)" (?DrawRect@Platform@@QEAAXHHHH@Z)
Platform.obj : error LNK2019: unresolved external symbol SDL_RenderFillRect referenced in function "public: void __cdecl Platform::DrawRect(int,int,int,int)" (?DrawRect@Platform@@QEAAXHHHH@Z)
Platform.obj : error LNK2019: unresolved external symbol SDL_RenderCopyEx referenced in function "private: void __cdecl Platform::RenderTexture(class Image *,int,int,double)" (?RenderTexture@Platform@@AEAAXPEAVImage@@HHN@Z)
Platform.obj : error LNK2019: unresolved external symbol SDL_RenderPresent referenced in function "public: void __cdecl Platform::RenderPresent(void)" (?RenderPresent@Platform@@QEAAXXZ)
Platform.obj : error LNK2019: unresolved external symbol SDL_Init referenced in function "public: __cdecl Platform::Platform(class std::basic_string<char,struct std::char_traits<char>,class std::allocator<char> >)" (??0Platform@@QEAA@V?$basic_string@DU?$char_traits@D@std@@V?$allocator@D@2@@std@@@Z)
Platform.obj : error LNK2019: unresolved external symbol SDL_Quit referenced in function "public: __cdecl Platform::Platform(class std::basic_string<char,struct std::char_traits<char>,class std::allocator<char> >)" (??0Platform@@QEAA@V?$basic_string@DU?$char_traits@D@std@@V?$allocator@D@2@@std@@@Z)
Text.obj : error LNK2019: unresolved external symbol SDL_FreeSurface referenced in function "public: static struct SDL_Texture * __cdecl Text::LoadFont(class std::basic_string<char,struct std::char_traits<char>,class std::allocator<char> > const &,int,class std::basic_string<char,struct std::char_traits<char>,class std::allocator<char> >,struct SDL_Color const &)" (?LoadFont@Text@@SAPEAUSDL_Texture@@AEBV?$basic_string@DU?$char_traits@D@std@@V?$allocator@D@2@@std@@HV34@AEBUSDL_Color@@@Z)
Text.obj : error LNK2019: unresolved external symbol SDL_QueryTexture referenced in function "public: __cdecl Text::Text(class std::basic_string<char,struct std::char_traits<char>,class std::allocator<char> > const &,int,class std::basic_string<char,struct std::char_traits<char>,class std::allocator<char> >,struct SDL_Color const &)" (??0Text@@QEAA@AEBV?$basic_string@DU?$char_traits@D@std@@V?$allocator@D@2@@std@@HV12@AEBUSDL_Color@@@Z)
Text.obj : error LNK2019: unresolved external symbol SDL_RenderCopy referenced in function "public: void __cdecl Text::Display(int,int)" (?Display@Text@@QEAAXHH@Z)
Text.obj : error LNK2019: unresolved external symbol TTF_Init referenced in function "public: __cdecl Text::Text(class std::basic_string<char,struct std::char_traits<char>,class std::allocator<char> > const &,int,class std::basic_string<char,struct std::char_traits<char>,class std::allocator<char> >,struct SDL_Color const &)" (??0Text@@QEAA@AEBV?$basic_string@DU?$char_traits@D@std@@V?$allocator@D@2@@std@@HV12@AEBUSDL_Color@@@Z)
Text.obj : error LNK2019: unresolved external symbol TTF_OpenFont referenced in function "public: static struct SDL_Texture * __cdecl Text::LoadFont(class std::basic_string<char,struct std::char_traits<char>,class std::allocator<char> > const &,int,class std::basic_string<char,struct std::char_traits<char>,class std::allocator<char> >,struct SDL_Color const &)" (?LoadFont@Text@@SAPEAUSDL_Texture@@AEBV?$basic_string@DU?$char_traits@D@std@@V?$allocator@D@2@@std@@HV34@AEBUSDL_Color@@@Z)
Text.obj : error LNK2019: unresolved external symbol TTF_RenderText_Solid referenced in function "public: static struct SDL_Texture * __cdecl Text::LoadFont(class std::basic_string<char,struct std::char_traits<char>,class std::allocator<char> > const &,int,class std::basic_string<char,struct std::char_traits<char>,class std::allocator<char> >,struct SDL_Color const &)" (?LoadFont@Text@@SAPEAUSDL_Texture@@AEBV?$basic_string@DU?$char_traits@D@std@@V?$allocator@D@2@@std@@HV34@AEBUSDL_Color@@@Z)
Text.obj : error LNK2019: unresolved external symbol TTF_CloseFont referenced in function "public: static struct SDL_Texture * __cdecl Text::LoadFont(class std::basic_string<char,struct std::char_traits<char>,class std::allocator<char> > const &,int,class std::basic_string<char,struct std::char_traits<char>,class std::allocator<char> >,struct SDL_Color const &)" (?LoadFont@Text@@SAPEAUSDL_Texture@@AEBV?$basic_string@DU?$char_traits@D@std@@V?$allocator@D@2@@std@@HV34@AEBUSDL_Color@@@Z)
MSVCRTD.lib(exe_main.obj) : error LNK2019: unresolved external symbol main referenced in function "int __cdecl invoke_main(void)" (?invoke_main@@YAHXZ)
..\ExternalLibs\SDL2-2.0.9\lib\x86\SDL2.lib : warning LNK4272: library machine type 'x86' conflicts with target machine type 'x64'
..\ExternalLibs\SDL2_image-2.0.4\lib\x86\SDL2_image.lib : warning LNK4272: library machine type 'x86' conflicts with target machine type 'x64'
..\ExternalLibs\SDL2-2.0.9\lib\x86\SDL2_ttf.lib : warning LNK4272: library machine type 'x86' conflicts with target machine type 'x64'
..\ExternalLibs\SDL2-2.0.9\lib\x86\SDL2main.lib : warning LNK4272: library machine type 'x86' conflicts with target machine type 'x64'
C:\Tareas\Septimo\SHEngine\x64\Debug\SHEngine.exe : fatal error LNK1120: 22 unresolved externals
